[97m
        _____       _ _          _____ _      _____ 
       / ____|     | | |        / ____| |    |_   _|
      | (___   __ _| | | __ _  | |    | |      | |  
       \___ \ / _` | | |/ _` | | |    | |      | |  
       ____) | (_| | | | (_| | | |____| |____ _| |_ 
      |_____/ \__,_|_|_|\__,_|  \_____|______|_____|
    [39m
[92m                     Version: 3.2.30[39m
[97m        The Official Salla Command Line Interface[39m
                     
[37m[30m[47m INFO [49m[37m Read the docs: https://github.com/SallaApp/Salla-CLI/ [39m
[37m[30m[47m INFO [49m[37m Support and bugs: https://github.com/SallaApp/Salla-CLI/issues [39m
                     
                     
[37m[30m[47m INFO [49m[37m Assets URL : http://localhost:8000[39m
[37m[30m[47m INFO [49m[37m Live reload URL : ws://localhost:8001[39m
                     
[37m[30m[42m DONE [49m[37m Hooray! WebSocket & Assets servers are currently running.[39m

[37m[30m[47m INFO [49m[37m Preview URL: https://s.salla.sa/auth/auto?access_token=eyJpdiI6IjEwcElIUWxMZGxDYjFHTFYrN2lja2c9PSIsInZhbHVlIjoiUzE4NklrUkJ5d2EyQXNyZVpsMExCMmt3ejBsU3VLcFd2WnBoK09JSU9vRDhoVnlteGFFbmw3NHBhUTgwTTJEUXVuNmpRTkR0UlJrMDZ5aFVHeXorc2c9PSIsIm1hYyI6IjdiYzBiNjQ5ZjY3ZjE5NWI4M2RjNzJiOWVjNTBkYTkyZDYzMTdlMzZjYjUyN2JhZDAwZTU0MGRkZDg5NGE1NDciLCJ0YWciOiIifQ==&source=partners&url=https%3A%2F%2Fs.salla.sa%2Fdesign%2Fdraft-1150040767%3Flegacy=0%26assets_url=http://localhost:8000%26ws_port=8001%26with_editor=true[39m
[37m[30m[47m INFO [49m[37m Watching files is in progress ...[39m

> sadady-salla-theme@1.0.41 watch J:\2026\salla-import\sadady-salla-theme
> node ./scripts/watch-preview-assets.mjs

Watching Sadady preview assets in J:\2026\salla-import\sadady-salla-theme\assets
Prepared Sadady preview assets in J:\2026\salla-import\sadady-salla-theme\public
Prepared Sadady preview assets in J:\2026\salla-import\sadady-salla-theme\public
Prepared Sadady preview assets in J:\2026\salla-import\sadady-salla-theme\public
Prepared Sadady preview assets in J:\2026\salla-import\sadady-salla-theme\public
Prepared Sadady preview assets in J:\2026\salla-import\sadady-salla-theme\public
Prepared Sadady preview assets in J:\2026\salla-import\sadady-salla-theme\public
Prepared Sadady preview assets in J:\2026\salla-import\sadady-salla-theme\public
Prepared Sadady preview assets in J:\2026\salla-import\sadady-salla-theme\public
Prepared Sadady preview assets in J:\2026\salla-import\sadady-salla-theme\public
Prepared Sadady preview assets in J:\2026\salla-import\sadady-salla-theme\public
Prepared Sadady preview assets in J:\2026\salla-import\sadady-salla-theme\public
Prepared Sadady preview assets in J:\2026\salla-import\sadady-salla-theme\public
Prepared Sadady preview assets in J:\2026\salla-import\sadady-salla-theme\public
Prepared Sadady preview assets in J:\2026\salla-import\sadady-salla-theme\public
Prepared Sadady preview assets in J:\2026\salla-import\sadady-salla-theme\public
Prepared Sadady preview assets in J:\2026\salla-import\sadady-salla-theme\public
Prepared Sadady preview assets in J:\2026\salla-import\sadady-salla-theme\public
Prepared Sadady preview assets in J:\2026\salla-import\sadady-salla-theme\public
Prepared Sadady preview assets in J:\2026\salla-import\sadady-salla-theme\public
Prepared Sadady preview assets in J:\2026\salla-import\sadady-salla-theme\public
Prepared Sadady preview assets in J:\2026\salla-import\sadady-salla-theme\public
Prepared Sadady preview assets in J:\2026\salla-import\sadady-salla-theme\public
Prepared Sadady preview assets in J:\2026\salla-import\sadady-salla-theme\public
Prepared Sadady preview assets in J:\2026\salla-import\sadady-salla-theme\public
Prepared Sadady preview assets in J:\2026\salla-import\sadady-salla-theme\public
Prepared Sadady preview assets in J:\2026\salla-import\sadady-salla-theme\public
Prepared Sadady preview assets in J:\2026\salla-import\sadady-salla-theme\public
Prepared Sadady preview assets in J:\2026\salla-import\sadady-salla-theme\public
Prepared Sadady preview assets in J:\2026\salla-import\sadady-salla-theme\public
Prepared Sadady preview assets in J:\2026\salla-import\sadady-salla-theme\public
Prepared Sadady preview assets in J:\2026\salla-import\sadady-salla-theme\public
Prepared Sadady preview assets in J:\2026\salla-import\sadady-salla-theme\public
Prepared Sadady preview assets in J:\2026\salla-import\sadady-salla-theme\public
